23:23:07.982 [main] INFO  testCases.TC001_AccountRegistrationTest - ******  Click On MyAccount Link Successfully  *********
23:23:08.637 [main] INFO  testCases.TC001_AccountRegistrationTest - ******  Click On Register Page Link Successfully  *********
23:23:08.999 [main] INFO  testCases.TC001_AccountRegistrationTest - ******  Fill all the User Info Successfully  *********
23:23:09.649 [main] INFO  testCases.TC001_AccountRegistrationTest - ******  Click On Continue Btn Successfully  *********
23:23:10.165 [main] INFO  testCases.TC001_AccountRegistrationTest - **********   click on Logout Btn Successfully   *******************
23:23:10.166 [main] INFO  testCases.TC001_AccountRegistrationTest - ****** verifyAccountRegistration Test Case Passed Successfully  *********
00:01:38.417 [main] INFO  org.testng.internal.Utils - [TestNG] Running:
  C:\Users\Indrajitk\eclipse-workspace\OpenCart_HybridFrameWork\master_testng.xml

00:01:42.855 [main] INFO  testCases.TC002_LoginTest - *********   Test Case TC002_LoginTest Started   ********* 
00:03:58.524 [main] INFO  org.testng.internal.Utils - [TestNG] Running:
  C:\Users\Indrajitk\eclipse-workspace\OpenCart_HybridFrameWork\master_testng.xml

00:04:02.991 [main] INFO  testCases.TC002_LoginTest - *********   Test Case TC002_LoginTest Started   ********* 
00:05:33.886 [main] INFO  org.testng.internal.Utils - [TestNG] Running:
  C:\Users\Indrajitk\eclipse-workspace\OpenCart_HybridFrameWork\master_testng.xml

00:05:37.828 [main] INFO  testCases.TC002_LoginTest - *********   Test Case TC002_LoginTest Started   ********* 
00:06:55.885 [main] INFO  org.testng.internal.Utils - [TestNG] Running:
  C:\Users\Indrajitk\eclipse-workspace\OpenCart_HybridFrameWork\master_testng.xml

00:06:59.908 [main] INFO  testCases.TC002_LoginTest - *********   Test Case TC002_LoginTest Started   ********* 
00:07:01.154 [main] INFO  testCases.TC002_LoginTest - *********   Test Case TC002_LoginTest Completed    ********* 
00:07:57.960 [main] INFO  org.testng.internal.Utils - [TestNG] Running:
  C:\Users\Indrajitk\eclipse-workspace\OpenCart_HybridFrameWork\master_testng.xml

00:08:01.758 [main] INFO  testCases.TC002_LoginTest - *********   Test Case TC002_LoginTest Started   ********* 
00:08:11.114 [main] INFO  testCases.TC002_LoginTest - *********   Test Case TC002_LoginTest Completed    ********* 
00:09:21.361 [main] INFO  org.testng.internal.Utils - [TestNG] Running:
  C:\Users\Indrajitk\eclipse-workspace\OpenCart_HybridFrameWork\master_testng.xml

00:09:25.045 [main] INFO  testCases.TC002_LoginTest - *********   Test Case TC002_LoginTest Started   ********* 
00:10:18.616 [main] INFO  org.testng.internal.Utils - [TestNG] Running:
  C:\Users\Indrajitk\eclipse-workspace\OpenCart_HybridFrameWork\master_testng.xml

00:10:22.460 [main] INFO  testCases.TC002_LoginTest - *********   Test Case TC002_LoginTest Started   ********* 
00:10:24.007 [main] INFO  testCases.TC002_LoginTest - *********   Test Case TC002_LoginTest Passed Successfully   ********* 
22:22:30.364 [main] INFO  org.testng.internal.Utils - [TestNG] Running:
  C:\Users\Indrajitk\eclipse-workspace\OpenCart_HybridFrameWork\master_testng.xml

22:23:17.192 [main] INFO  testCases.TC003_LoginTestDDT - *********   Test Case TC003_LoginTestDDT Started   ********* 
22:23:19.828 [main] INFO  testCases.TC003_LoginTestDDT - *********   Test Case TC003_LoginTestDDT Completed Successfully   ********* 
22:23:19.840 [main] INFO  testCases.TC003_LoginTestDDT - *********   Test Case TC003_LoginTestDDT Started   ********* 
22:23:29.879 [main] INFO  testCases.TC003_LoginTestDDT - *********   Test Case TC003_LoginTestDDT Started   ********* 
22:23:39.959 [main] INFO  testCases.TC003_LoginTestDDT - *********   Test Case TC003_LoginTestDDT Started   ********* 
22:23:50.033 [main] INFO  testCases.TC003_LoginTestDDT - *********   Test Case TC003_LoginTestDDT Started   ********* 
22:24:04.765 [main] INFO  testCases.TC003_LoginTestDDT - *********   Test Case TC003_LoginTestDDT Started   ********* 
22:24:16.274 [main] INFO  testCases.TC003_LoginTestDDT - *********   Test Case TC003_LoginTestDDT Completed Successfully   ********* 
22:29:02.697 [main] INFO  org.testng.internal.Utils - [TestNG] Running:
  C:\Users\Indrajitk\eclipse-workspace\OpenCart_HybridFrameWork\master_testng.xml

22:29:45.595 [main] INFO  testCases.TC003_LoginTestDDT - *********   Test Case TC003_LoginTestDDT Started   ********* 
22:29:48.687 [main] INFO  testCases.TC003_LoginTestDDT - *********   Test Case TC003_LoginTestDDT Completed Successfully   ********* 
22:29:48.699 [main] INFO  testCases.TC003_LoginTestDDT - *********   Test Case TC003_LoginTestDDT Started   ********* 
22:30:04.259 [main] INFO  testCases.TC003_LoginTestDDT - *********   Test Case TC003_LoginTestDDT Started   ********* 
22:30:15.863 [main] INFO  testCases.TC003_LoginTestDDT - *********   Test Case TC003_LoginTestDDT Started   ********* 
22:30:27.252 [main] INFO  testCases.TC003_LoginTestDDT - *********   Test Case TC003_LoginTestDDT Completed Successfully   ********* 
