23:19:57.599 [main] INFO  org.testng.internal.Utils - [Utils] MethodGroupsHelper.collectMethodsByGroup() took 0 ms.
23:19:57.605 [main] INFO  org.testng.internal.Utils - [Utils] MethodGroupsHelper.sortMethods() took 0 ms.
23:19:57.606 [main] INFO  org.testng.internal.Utils - [Utils] MethodGroupsHelper.collectMethodsByGroup() took 0 ms.
23:19:57.606 [main] INFO  org.testng.internal.Utils - [Utils] MethodGroupsHelper.sortMethods() took 0 ms.
23:19:57.607 [main] INFO  org.testng.internal.Utils - [Utils] MethodGroupsHelper.collectMethodsByGroup() took 0 ms.
23:19:57.607 [main] INFO  org.testng.internal.Utils - [Utils] MethodGroupsHelper.sortMethods() took 0 ms.
23:19:57.620 [main] INFO  org.testng.internal.Utils - [Utils] MethodGroupsHelper.collectMethodsByGroup() took 5 ms.
23:19:57.628 [main] INFO  org.testng.internal.Utils - [Utils] MethodGroupsHelper.sortMethods() took 7 ms.
23:19:57.629 [main] INFO  org.testng.internal.Utils - [Utils] MethodGroupsHelper.collectMethodsByGroup() took 0 ms.
23:19:57.629 [main] INFO  org.testng.internal.Utils - [Utils] MethodGroupsHelper.sortMethods() took 0 ms.
23:19:57.630 [main] INFO  org.testng.internal.Utils - [Utils] MethodGroupsHelper.collectMethodsByGroup() took 0 ms.
23:19:57.630 [main] INFO  org.testng.internal.Utils - [Utils] MethodGroupsHelper.sortMethods() took 0 ms.
23:19:57.630 [main] INFO  org.testng.internal.Utils - [Utils] MethodGroupsHelper.collectMethodsByGroup() took 0 ms.
23:19:57.630 [main] INFO  org.testng.internal.Utils - [Utils] MethodGroupsHelper.sortMethods() took 0 ms.
23:19:57.631 [main] INFO  org.testng.internal.Utils - [Utils] MethodGroupsHelper.collectMethodsByGroup() took 0 ms.
23:19:57.631 [main] INFO  org.testng.internal.Utils - [Utils] MethodGroupsHelper.sortMethods() took 0 ms.
23:19:57.631 [main] INFO  org.testng.internal.Utils - [Utils] MethodGroupsHelper.collectMethodsByGroup() took 0 ms.
23:19:57.631 [main] INFO  org.testng.internal.Utils - [Utils] MethodGroupsHelper.sortMethods() took 0 ms.
23:19:57.633 [main] INFO  org.testng.internal.Utils - [Utils] MethodGroupsHelper.collectMethodsByGroup() took 0 ms.
23:19:57.633 [main] INFO  org.testng.internal.Utils - [Utils] MethodGroupsHelper.sortMethods() took 0 ms.
23:19:57.633 [main] INFO  org.testng.internal.Utils - [Utils] MethodGroupsHelper.collectMethodsByGroup() took 0 ms.
23:19:57.633 [main] INFO  org.testng.internal.Utils - [Utils] MethodGroupsHelper.sortMethods() took 0 ms.
23:19:57.634 [main] INFO  org.testng.internal.Utils - [Utils] MethodGroupsHelper.collectMethodsByGroup() took 1 ms.
23:19:57.634 [main] INFO  org.testng.internal.Utils - [Utils] MethodGroupsHelper.sortMethods() took 0 ms.
23:19:57.635 [main] INFO  org.testng.internal.Utils - [Utils] MethodGroupsHelper.collectMethodsByGroup() took 0 ms.
23:19:57.635 [main] INFO  org.testng.internal.Utils - [Utils] MethodGroupsHelper.sortMethods() took 0 ms.
23:19:57.635 [main] INFO  org.testng.internal.Utils - [Utils] MethodGroupsHelper.collectMethodsByGroup() took 0 ms.
23:19:57.635 [main] INFO  org.testng.internal.Utils - [Utils] MethodGroupsHelper.sortMethods() took 0 ms.
23:19:57.644 [main] INFO  org.testng.internal.Utils - [TestNG] Running:
  C:\Users\Indrajitk\AppData\Local\Temp\testng-eclipse--1189457939\testng-customsuite.xml

23:19:57.664 [main] INFO  org.testng.internal.Utils - [Utils] DynamicGraphHelper.createDynamicGraph() took 3 ms.
23:20:02.036 [main] INFO  testCases.TC001_AccountRegistrationTest - ******  Test Case Execution Started  *********
23:20:02.148 [main] INFO  testCases.TC001_AccountRegistrationTest - ******  Click On MyAccount Link Successfully  *********
23:20:02.931 [main] INFO  testCases.TC001_AccountRegistrationTest - ******  Click On Register Page Link Successfully  *********
23:20:03.290 [main] INFO  testCases.TC001_AccountRegistrationTest - ******  Fill all the User Info Successfully  *********
23:20:03.975 [main] INFO  testCases.TC001_AccountRegistrationTest - ******  Click On Continue Btn Successfully  *********
23:20:04.006 [main] INFO  testCases.TC001_AccountRegistrationTest - ****** verifyAccountRegistration Test Case Passed Successfully  *********
23:20:04.299 [main] INFO  org.testng.internal.Utils - [TestNG] Time taken by org.testng.reporters.jq.Main@8bffb8b: 55 ms
23:20:04.299 [main] INFO  org.testng.internal.Utils - [TestNG] Time taken by org.testng.reporters.FailedReporter@21422231: 0 ms
23:20:04.307 [main] INFO  org.testng.internal.Utils - [TestNG] Time taken by org.testng.reporters.XMLReporter@61e3cf4d: 8 ms
23:20:04.313 [main] INFO  org.testng.internal.Utils - [TestNG] Time taken by org.testng.reporters.EmailableReporter2@28348c6: 4 ms
23:20:04.317 [main] INFO  org.testng.internal.Utils - [TestNG] Time taken by org.testng.reporters.JUnitReportReporter@3e7545e8: 4 ms
23:20:04.317 [main] INFO  org.testng.internal.Utils - [TestNG] Time taken by org.testng.internal.ExitCodeListener@75e710b: 0 ms
23:36:49.678 [main] INFO  org.testng.internal.Utils - [TestNG] Running:
  C:\Users\Indrajitk\eclipse-workspace\OpenCart_HybridFrameWork\master.xml

